This is pdfTeX, Version 3.14159265-2.6-1.40.18 (MiKTeX 2.9.6300 64-bit) (preloaded format=pdflatex 2017.5.3)  3 MAY 2017 14:28
entering extended mode
**./dependentMDPs_11_w2L.tex
(dependentMDPs_11_w2L.tex
LaTeX2e <2017-04-15>
Babel <3.9r> and hyphenation patterns for 75 language(s) loaded.
("C:\Program Files\MiKTeX 2.9\tex\latex\base\article.cls"
Document Class: article 2014/09/29 v1.4h Standard LaTeX document class
("C:\Program Files\MiKTeX 2.9\tex\latex\base\size10.clo"
File: size10.clo 2014/09/29 v1.4h Standard LaTeX file (size option)
)
\c@part=\count79
\c@section=\count80
\c@subsection=\count81
\c@subsubsection=\count82
\c@paragraph=\count83
\c@subparagraph=\count84
\c@figure=\count85
\c@table=\count86
\abovecaptionskip=\skip41
\belowcaptionskip=\skip42
\bibindent=\dimen102
)
("C:\Program Files\MiKTeX 2.9\tex\latex\base\inputenc.sty"
Package: inputenc 2015/03/17 v1.2c Input encoding file
\inpenc@prehook=\toks14
\inpenc@posthook=\toks15

("C:\Program Files\MiKTeX 2.9\tex\latex\base\ascii.def"
File: ascii.def 2015/03/17 v1.2c Input encoding file
))
("C:\Program Files\MiKTeX 2.9\tex\latex\base\fontenc.sty"
Package: fontenc 2017/04/05 v2.0i Standard LaTeX package

("C:\Users\Chris Hemming\AppData\Roaming\MiKTeX\2.9\tex\latex\tipa\t3enc.def"
File: t3enc.def 2001/12/31 T3 encoding
)
("C:\Program Files\MiKTeX 2.9\tex\latex\base\t1enc.def"
File: t1enc.def 2017/04/05 v2.0i Standard LaTeX file
LaTeX Font Info:    Redeclaring font encoding T1 on input line 48.
))
("C:\Program Files\MiKTeX 2.9\tex\generic\babel\babel.sty"
Package: babel 2016/04/23 3.9r The Babel package

*************************************
* Local config file bblopts.cfg used
*
("C:\Users\Chris Hemming\AppData\Roaming\MiKTeX\2.9\tex\latex\arabi\bblopts.cfg
"
File: bblopts.cfg 2005/09/08 v0.1 add Arabic and Farsi to "declared" options of
 babel
) ("C:\Program Files\MiKTeX 2.9\tex\latex\babel-english\english.ldf"
Language: english 2017/01/24 v3.3q English support from the babel system

("C:\Program Files\MiKTeX 2.9\tex\generic\babel\babel.def"
File: babel.def 2016/04/23 3.9r Babel common definitions
\babel@savecnt=\count87
\U@D=\dimen103
)
\l@canadian = a dialect from \language\l@american 
\l@australian = a dialect from \language\l@british 
\l@newzealand = a dialect from \language\l@british 
))
("C:\Users\Chris Hemming\AppData\Roaming\MiKTeX\2.9\tex\latex\tipa\tipa.sty"
Package: tipa 2002/08/08 TIPA version 1.1
)
("C:\Users\Chris Hemming\AppData\Roaming\MiKTeX\2.9\tex\latex\tipa\tipx.sty"
Package: tipx 2003/01/01 TIPX version 1.2
)
("C:\Users\Chris Hemming\AppData\Roaming\MiKTeX\2.9\tex\fonts\ifsym\ifsym.sty"
Package: ifsym 2000/04/18 I.Kloeckl

("C:\Program Files\MiKTeX 2.9\tex\latex\tools\calc.sty"
Package: calc 2014/10/28 v4.3 Infix arithmetic (KKT,FJ)
\calc@Acount=\count88
\calc@Bcount=\count89
\calc@Adimen=\dimen104
\calc@Bdimen=\dimen105
\calc@Askip=\skip43
\calc@Bskip=\skip44
LaTeX Info: Redefining \setlength on input line 80.
LaTeX Info: Redefining \addtolength on input line 81.
\calc@Ccount=\count90
\calc@Cskip=\skip45
)
\c@ifsymcnt=\count91
)
("C:\Program Files\MiKTeX 2.9\tex\latex\psnfss\pifont.sty"
Package: pifont 2005/04/12 PSNFSS-v9.2a Pi font support (SPQR) 
LaTeX Font Info:    Try loading font information for U+pzd on input line 63.

("C:\Program Files\MiKTeX 2.9\tex\latex\psnfss\upzd.fd"
File: upzd.fd 2001/06/04 font definitions for U/pzd.
)
LaTeX Font Info:    Try loading font information for U+psy on input line 64.

("C:\Program Files\MiKTeX 2.9\tex\latex\psnfss\upsy.fd"
File: upsy.fd 2001/06/04 font definitions for U/psy.
))
("C:\Program Files\MiKTeX 2.9\tex\latex\eurosym\eurosym.sty"
Package: eurosym 1998/08/06 v1.1 European currency symbol ``Euro''
\@eurobox=\box26
)
("C:\Program Files\MiKTeX 2.9\tex\latex\amsmath\amsmath.sty"
Package: amsmath 2016/11/05 v2.16a AMS math features
\@mathmargin=\skip46

For additional information on amsmath, use the `?' option.
("C:\Program Files\MiKTeX 2.9\tex\latex\amsmath\amstext.sty"
Package: amstext 2000/06/29 v2.01 AMS text

("C:\Program Files\MiKTeX 2.9\tex\latex\amsmath\amsgen.sty"
File: amsgen.sty 1999/11/30 v2.0 generic functions
\@emptytoks=\toks16
\ex@=\dimen106
))
("C:\Program Files\MiKTeX 2.9\tex\latex\amsmath\amsbsy.sty"
Package: amsbsy 1999/11/29 v1.2d Bold Symbols
\pmbraise@=\dimen107
)
("C:\Program Files\MiKTeX 2.9\tex\latex\amsmath\amsopn.sty"
Package: amsopn 2016/03/08 v2.02 operator names
)
\inf@bad=\count92
LaTeX Info: Redefining \frac on input line 213.
\uproot@=\count93
\leftroot@=\count94
LaTeX Info: Redefining \overline on input line 375.
\classnum@=\count95
\DOTSCASE@=\count96
LaTeX Info: Redefining \ldots on input line 472.
LaTeX Info: Redefining \dots on input line 475.
LaTeX Info: Redefining \cdots on input line 596.
\Mathstrutbox@=\box27
\strutbox@=\box28
\big@size=\dimen108
LaTeX Font Info:    Redeclaring font encoding OML on input line 712.
LaTeX Font Info:    Redeclaring font encoding OMS on input line 713.
\macc@depth=\count97
\c@MaxMatrixCols=\count98
\dotsspace@=\muskip10
\c@parentequation=\count99
\dspbrk@lvl=\count100
\tag@help=\toks17
\row@=\count101
\column@=\count102
\maxfields@=\count103
\andhelp@=\toks18
\eqnshift@=\dimen109
\alignsep@=\dimen110
\tagshift@=\dimen111
\tagwidth@=\dimen112
\totwidth@=\dimen113
\lineht@=\dimen114
\@envbody=\toks19
\multlinegap=\skip47
\multlinetaggap=\skip48
\mathdisplay@stack=\toks20
LaTeX Info: Redefining \[ on input line 2817.
LaTeX Info: Redefining \] on input line 2818.
)
("C:\Users\Chris Hemming\AppData\Roaming\MiKTeX\2.9\tex\latex\wasysym\wasysym.s
ty"
Package: wasysym 2003/10/30 v2.0 Wasy-2 symbol support package
\symwasy=\mathgroup4
LaTeX Font Info:    Overwriting symbol font `wasy' in version `bold'
(Font)                  U/wasy/m/n --> U/wasy/b/n on input line 90.
) ("C:\Program Files\MiKTeX 2.9\tex\latex\amsfonts\amssymb.sty"
Package: amssymb 2013/01/14 v3.01 AMS font symbols

("C:\Program Files\MiKTeX 2.9\tex\latex\amsfonts\amsfonts.sty"
Package: amsfonts 2013/01/14 v3.01 Basic AMSFonts support
\symAMSa=\mathgroup5
\symAMSb=\mathgroup6
LaTeX Font Info:    Overwriting math alphabet `\mathfrak' in version `bold'
(Font)                  U/euf/m/n --> U/euf/b/n on input line 106.
))
("C:\Program Files\MiKTeX 2.9\tex\latex\base\textcomp.sty"
Package: textcomp 2017/04/05 v2.0i Standard LaTeX package
Package textcomp Info: Sub-encoding information:
(textcomp)               5 = only ISO-Adobe without \textcurrency
(textcomp)               4 = 5 + \texteuro
(textcomp)               3 = 4 + \textohm
(textcomp)               2 = 3 + \textestimated + \textcurrency
(textcomp)               1 = TS1 - \textcircled - \t
(textcomp)               0 = TS1 (full)
(textcomp)             Font families with sub-encoding setting implement
(textcomp)             only a restricted character set as indicated.
(textcomp)             Family '?' is the default used for unknown fonts.
(textcomp)             See the documentation for details.
Package textcomp Info: Setting ? sub-encoding to TS1/1 on input line 79.

("C:\Program Files\MiKTeX 2.9\tex\latex\base\ts1enc.def"
File: ts1enc.def 2001/06/05 v3.0e (jk/car/fm) Standard LaTeX file
)
LaTeX Info: Redefining \oldstylenums on input line 334.
Package textcomp Info: Setting cmr sub-encoding to TS1/0 on input line 349.
Package textcomp Info: Setting cmss sub-encoding to TS1/0 on input line 350.
Package textcomp Info: Setting cmtt sub-encoding to TS1/0 on input line 351.
Package textcomp Info: Setting cmvtt sub-encoding to TS1/0 on input line 352.
Package textcomp Info: Setting cmbr sub-encoding to TS1/0 on input line 353.
Package textcomp Info: Setting cmtl sub-encoding to TS1/0 on input line 354.
Package textcomp Info: Setting ccr sub-encoding to TS1/0 on input line 355.
Package textcomp Info: Setting ptm sub-encoding to TS1/4 on input line 356.
Package textcomp Info: Setting pcr sub-encoding to TS1/4 on input line 357.
Package textcomp Info: Setting phv sub-encoding to TS1/4 on input line 358.
Package textcomp Info: Setting ppl sub-encoding to TS1/3 on input line 359.
Package textcomp Info: Setting pag sub-encoding to TS1/4 on input line 360.
Package textcomp Info: Setting pbk sub-encoding to TS1/4 on input line 361.
Package textcomp Info: Setting pnc sub-encoding to TS1/4 on input line 362.
Package textcomp Info: Setting pzc sub-encoding to TS1/4 on input line 363.
Package textcomp Info: Setting bch sub-encoding to TS1/4 on input line 364.
Package textcomp Info: Setting put sub-encoding to TS1/5 on input line 365.
Package textcomp Info: Setting uag sub-encoding to TS1/5 on input line 366.
Package textcomp Info: Setting ugq sub-encoding to TS1/5 on input line 367.
Package textcomp Info: Setting ul8 sub-encoding to TS1/4 on input line 368.
Package textcomp Info: Setting ul9 sub-encoding to TS1/4 on input line 369.
Package textcomp Info: Setting augie sub-encoding to TS1/5 on input line 370.
Package textcomp Info: Setting dayrom sub-encoding to TS1/3 on input line 371.
Package textcomp Info: Setting dayroms sub-encoding to TS1/3 on input line 372.

Package textcomp Info: Setting pxr sub-encoding to TS1/0 on input line 373.
Package textcomp Info: Setting pxss sub-encoding to TS1/0 on input line 374.
Package textcomp Info: Setting pxtt sub-encoding to TS1/0 on input line 375.
Package textcomp Info: Setting txr sub-encoding to TS1/0 on input line 376.
Package textcomp Info: Setting txss sub-encoding to TS1/0 on input line 377.
Package textcomp Info: Setting txtt sub-encoding to TS1/0 on input line 378.
Package textcomp Info: Setting lmr sub-encoding to TS1/0 on input line 379.
Package textcomp Info: Setting lmdh sub-encoding to TS1/0 on input line 380.
Package textcomp Info: Setting lmss sub-encoding to TS1/0 on input line 381.
Package textcomp Info: Setting lmssq sub-encoding to TS1/0 on input line 382.
Package textcomp Info: Setting lmvtt sub-encoding to TS1/0 on input line 383.
Package textcomp Info: Setting lmtt sub-encoding to TS1/0 on input line 384.
Package textcomp Info: Setting qhv sub-encoding to TS1/0 on input line 385.
Package textcomp Info: Setting qag sub-encoding to TS1/0 on input line 386.
Package textcomp Info: Setting qbk sub-encoding to TS1/0 on input line 387.
Package textcomp Info: Setting qcr sub-encoding to TS1/0 on input line 388.
Package textcomp Info: Setting qcs sub-encoding to TS1/0 on input line 389.
Package textcomp Info: Setting qpl sub-encoding to TS1/0 on input line 390.
Package textcomp Info: Setting qtm sub-encoding to TS1/0 on input line 391.
Package textcomp Info: Setting qzc sub-encoding to TS1/0 on input line 392.
Package textcomp Info: Setting qhvc sub-encoding to TS1/0 on input line 393.
Package textcomp Info: Setting futs sub-encoding to TS1/4 on input line 394.
Package textcomp Info: Setting futx sub-encoding to TS1/4 on input line 395.
Package textcomp Info: Setting futj sub-encoding to TS1/4 on input line 396.
Package textcomp Info: Setting hlh sub-encoding to TS1/3 on input line 397.
Package textcomp Info: Setting hls sub-encoding to TS1/3 on input line 398.
Package textcomp Info: Setting hlst sub-encoding to TS1/3 on input line 399.
Package textcomp Info: Setting hlct sub-encoding to TS1/5 on input line 400.
Package textcomp Info: Setting hlx sub-encoding to TS1/5 on input line 401.
Package textcomp Info: Setting hlce sub-encoding to TS1/5 on input line 402.
Package textcomp Info: Setting hlcn sub-encoding to TS1/5 on input line 403.
Package textcomp Info: Setting hlcw sub-encoding to TS1/5 on input line 404.
Package textcomp Info: Setting hlcf sub-encoding to TS1/5 on input line 405.
Package textcomp Info: Setting pplx sub-encoding to TS1/3 on input line 406.
Package textcomp Info: Setting pplj sub-encoding to TS1/3 on input line 407.
Package textcomp Info: Setting ptmx sub-encoding to TS1/4 on input line 408.
Package textcomp Info: Setting ptmj sub-encoding to TS1/4 on input line 409.
)
("C:\Program Files\MiKTeX 2.9\tex\latex\tools\array.sty"
Package: array 2016/10/06 v2.4d Tabular extension package (FMi)
\col@sep=\dimen115
\extrarowheight=\dimen116
\NC@list=\toks21
\extratabsurround=\skip49
\backup@length=\skip50
)
("C:\Users\Chris Hemming\AppData\Roaming\MiKTeX\2.9\tex\latex\supertabular\supe
rtabular.sty"
Package: supertabular 2004/02/20 v4.1e the supertabular environment
\c@tracingst=\count104
\ST@wd=\dimen117
\ST@rightskip=\skip51
\ST@leftskip=\skip52
\ST@parfillskip=\skip53
\ST@pageleft=\dimen118
\ST@headht=\dimen119
\ST@tailht=\dimen120
\ST@pagesofar=\dimen121
\ST@pboxht=\dimen122
\ST@lineht=\dimen123
\ST@stretchht=\dimen124
\ST@prevht=\dimen125
\ST@toadd=\dimen126
\ST@dimen=\dimen127
\ST@pbox=\box29
) ("C:\Program Files\MiKTeX 2.9\tex\latex\tools\hhline.sty"
Package: hhline 2014/10/28 v2.03 Table rule package (DPC)
)
\c@Equation=\count105

(dependentMDPs_11_w2L.aux)
\openout1 = `dependentMDPs_11_w2L.aux'.

LaTeX Font Info:    Checking defaults for OML/cmm/m/it on input line 26.
LaTeX Font Info:    ... okay on input line 26.
LaTeX Font Info:    Checking defaults for T1/cmr/m/n on input line 26.
LaTeX Font Info:    ... okay on input line 26.
LaTeX Font Info:    Checking defaults for OT1/cmr/m/n on input line 26.
LaTeX Font Info:    ... okay on input line 26.
LaTeX Font Info:    Checking defaults for OMS/cmsy/m/n on input line 26.
LaTeX Font Info:    ... okay on input line 26.
LaTeX Font Info:    Checking defaults for OMX/cmex/m/n on input line 26.
LaTeX Font Info:    ... okay on input line 26.
LaTeX Font Info:    Checking defaults for U/cmr/m/n on input line 26.
LaTeX Font Info:    ... okay on input line 26.
LaTeX Font Info:    Checking defaults for T3/cmr/m/n on input line 26.
LaTeX Font Info:    Try loading font information for T3+cmr on input line 26.

("C:\Users\Chris Hemming\AppData\Roaming\MiKTeX\2.9\tex\latex\tipa\t3cmr.fd"
File: t3cmr.fd 2001/12/31 TIPA font definitions
)
LaTeX Font Info:    ... okay on input line 26.
LaTeX Font Info:    Checking defaults for TS1/cmr/m/n on input line 26.
LaTeX Font Info:    Try loading font information for TS1+cmr on input line 26.

("C:\Program Files\MiKTeX 2.9\tex\latex\base\ts1cmr.fd"
File: ts1cmr.fd 2014/09/29 v2.5h Standard LaTeX font definitions
)
LaTeX Font Info:    ... okay on input line 26.

Overfull \hbox (13.71796pt too wide) in paragraph at lines 28--29
\T1/cmr/m/n/10 Optimal be-haviour poli-cies for non-degenerate Markov De-ci-sio
n Pro-cesses (nMDPs)
 []

[1


{C:/Users/Chris Hemming/AppData/Local/MiKTeX/2.9/pdftex/config/pdftex.map}]
Overfull \hbox (3.35362pt too wide) in paragraph at lines 50--50
[]\T1/cmr/bx/n/12 3.0 Defin-tions, Con-cur-rent Markov De-ci-sion Pro-cesses: 
 []

LaTeX Font Info:    Try loading font information for U+wasy on input line 51.
("C:\Users\Chris Hemming\AppData\Roaming\MiKTeX\2.9\tex\latex\wasysym\uwasy.fd"
File: uwasy.fd 2003/10/30 v2.0 Wasy-2 symbol font definitions
)
LaTeX Font Info:    Try loading font information for U+msa on input line 51.
 ("C:\Program Files\MiKTeX 2.9\tex\latex\amsfonts\umsa.fd"
File: umsa.fd 2013/01/14 v3.01 AMS symbols A
)
LaTeX Font Info:    Try loading font information for U+msb on input line 51.

("C:\Program Files\MiKTeX 2.9\tex\latex\amsfonts\umsb.fd"
File: umsb.fd 2013/01/14 v3.01 AMS symbols B
) [2]
Overfull \hbox (135.53848pt too wide) in paragraph at lines 65--72
[]  
 []


Overfull \hbox (39.61526pt too wide) in paragraph at lines 73--74
\T1/cmr/m/n/10 The above MDP def-i-ni-tion is fre-quently ex-pressed as a tu-pl
e:  $\OML/cmm/m/it/10 m[] \OT1/cmr/m/n/10 =\OML/cmm/m/it/10 < S[]; A[]; T[]; R[
]; [] >
 []

[3]
Overfull \hbox (101.84091pt too wide) in paragraph at lines 129--130
[]\T1/cmr/m/n/10 Noting $\OML/cmm/m/it/10 R[] [] \OT1/cmr/m/n/10 = [][] [] \OMS
/cmsy/m/n/10   [][] []$ 
 []

[4]
Overfull \hbox (135.53848pt too wide) in paragraph at lines 169--173
[]  
 []


Overfull \hbox (5.53964pt too wide) in paragraph at lines 180--181
 \T1/cmr/bx/n/10 Map-ping Dis-joint CMDP Poli-cies onto an op-ti-mal nMDP Pol-i
cy[]   \T1/cmr/m/n/10 Hav-
 []

[5]
Overfull \hbox (135.53848pt too wide) in paragraph at lines 192--201
[]  
 []

[6]
! Missing { inserted.
<to be read again> 
                   ^
l.235 \item  $T_T\left(s_T,a_T,s_T^'
                                    \right)$ denotes a stable transition mod...

? 
! Missing } inserted.
<inserted text> 
                }
l.235 \item  $T_T\left(s_T,a_T,s_T^'\right
                                          )$ denotes a stable transition mod...

? 
! Missing { inserted.
<to be read again> 
                   ^
l.235 ...ate  $s_T$ and ending up in state  $s_T^'
                                                  $. The transition function...

? 
! Missing } inserted.
<inserted text> 
                }
l.235 ...te  $s_T$ and ending up in state  $s_T^'$
                                                  . The transition function ...

? 

Overfull \hbox (4.8831pt too wide) in paragraph at lines 241--242
\T1/cmr/m/n/10 Individual agent progress to-ward a sub-task can be de-fined as 
a $\OML/cmm/m/it/10 < S[]; A[]; T[]; R[] >
 []

[7]
! Missing { inserted.
<to be read again> 
                   ^
l.246 \item  $T_I\left(s_I,a_I,s_I^'
                                    \right)$ denotes a stable transition mod...

? 
! Missing } inserted.
<inserted text> 
                }
l.246 \item  $T_I\left(s_I,a_I,s_I^'\right
                                          )$ denotes a stable transition mod...

? 
! Missing { inserted.
<to be read again> 
                   ^
l.246 ...ate  $s_I$ and ending up in state  $s_I^'
                                                  $.
? 
! Missing } inserted.
<inserted text> 
                }
l.246 ...te  $s_I$ and ending up in state  $s_I^'$
                                                  .
? 
! Missing { inserted.
<to be read again> 
                   ^
l.247 \item  $R_I(s_I,a_I,s_I^'
                               )$ denotes a positive real number as a reward...

? 
! Missing } inserted.
<inserted text> 
                }
l.247 \item  $R_I(s_I,a_I,s_I^')$
                                  denotes a positive real number as a reward...

? 
! Missing { inserted.
<to be read again> 
                   ^
l.247 ...ning from state  $s_I$ into state  $s_I^'
                                                  $ using action  $a_I$.
? 
! Missing } inserted.
<inserted text> 
                }
l.247 ...ing from state  $s_I$ into state  $s_I^'$
                                                   using action  $a_I$.
? 
[8] [9]
! Missing { inserted.
<to be read again> 
                   ^
l.321 Q(s,a)^'
              \leftarrow Q(s,a)+\alpha \left(R\left(s,a,s^'\right)-Q\left(s,...

? 
! Missing { inserted.
<to be read again> 
                   ^
l.321 ...tarrow Q(s,a)+\alpha \left(R\left(s,a,s^'
                                                  \right)-Q\left(s,a\right)+...

? 
! Missing } inserted.
<inserted text> 
                }
l.321 ... Q(s,a)+\alpha \left(R\left(s,a,s^'\right
                                                  )-Q\left(s,a\right)+\under...

? 
! Missing { inserted.
<to be read again> 
                   ^
l.321 ...)+\underset{a^{\ast }}{\mathit{max}}Q(s^'
                                                  ,a^{\ast })\right)
? 
! Missing } inserted.
<inserted text> 
                }
l.321 ...st }}{\mathit{max}}Q(s^',a^{\ast })\right
                                                  )
? 
! You can't use `\eqno' in math mode.
\endmathdisplay@a ...\df@tag \@empty \else \veqno 
                                                  \alt@tag \df@tag \fi \ifx ...
l.322 \end{equation}
                    
? 
! Missing } inserted.
<inserted text> 
                }
l.322 \end{equation}
                    
? 
[10]
! Missing { inserted.
<to be read again> 
                   ^
l.336 ...t(S,A,S\right)\times \left\{\left(s,a,s^'
                                                  \right)\right\}\rightarrow...

? 
! Missing } inserted.
<inserted text> 
                }
l.336 ...S\right)\times \left\{\left(s,a,s^'\right
                                                  )\right\}\rightarrow \wide...

? 
! Missing { inserted.
<to be read again> 
                   ^
l.336 ...\right)\right\}\rightarrow \widetilde T^'
                                                  (S,A,S)$\par}
? 
! Missing } inserted.
<inserted text> 
                }
l.336 ...right\}\rightarrow \widetilde T^'(S,A,S)$
                                                  \par}
? 
! Missing { inserted.
<to be read again> 
                   ^
l.338 ...ilde R\left(S,A,S\right)\times \{(s,a,s^'
                                                  )\}\rightarrow \widetilde ...

? 
! Missing { inserted.
<to be read again> 
                   ^
l.338 ...s \{(s,a,s^')\}\rightarrow \widetilde R^'
                                                  (S,A,S)$\par}
? 
! Missing } inserted.
<inserted text> 
                }
l.338 ...,s^')\}\rightarrow \widetilde R^'(S,A,S)$
                                                  \par}
? 
! Missing } inserted.
<inserted text> 
                }
l.338 ...,s^')\}\rightarrow \widetilde R^'(S,A,S)$
                                                  \par}
? 
! Missing { inserted.
<to be read again> 
                   ^
l.340 ...g  $Q_{\mathit{tr}}:\widetilde T(S,A,S)^'
                                                  \times \widetilde R(S,A,S)...

? 
! Missing { inserted.
<to be read again> 
                   ^
l.340 ...de T(S,A,S)^'\times \widetilde R(S,A,S)^'
                                                  \rightarrow Q^'(S,A)$ &
? 
! Missing { inserted.
<to be read again> 
                   ^
l.340 ...imes \widetilde R(S,A,S)^'\rightarrow Q^'
                                                  (S,A)$ &
? 
! Missing } inserted.
<inserted text> 
                }
l.340 ...widetilde R(S,A,S)^'\rightarrow Q^'(S,A)$
                                                   &
? 
! Missing } inserted.
<inserted text> 
                }
l.340 ...widetilde R(S,A,S)^'\rightarrow Q^'(S,A)$
                                                   &
? 
! Missing } inserted.
<inserted text> 
                }
l.340 ...widetilde R(S,A,S)^'\rightarrow Q^'(S,A)$
                                                   &
? 

Overfull \hbox (135.53848pt too wide) in paragraph at lines 335--343
[]  
 []

! Missing { inserted.
<to be read again> 
                   ^
l.354 ...\right)+1}{\mathit{fr}\left(s,a\right)+1}
                                                  -\widetilde T\left(s,a,s'\...

? 
! Missing } inserted.
<inserted text> 
                }
l.354 ...\right)+1}{\mathit{fr}\left(s,a\right)+1}
                                                  -\widetilde T\left(s,a,s'\...

? 
! Missing { inserted.
<to be read again> 
                   ^
l.356 ...\right)+1}{\mathit{fr}\left(s,a\right)+1}
                                                  =\frac{1+\widetilde T\left...

? 
! Missing } inserted.
<inserted text> 
                }
l.356 ...\right)+1}{\mathit{fr}\left(s,a\right)+1}
                                                  =\frac{1+\widetilde T\left...

? 

Overfull \hbox (135.53848pt too wide) in paragraph at lines 353--359
[]  
 []

! Missing { inserted.
<to be read again> 
                   ^
l.369 Q^'
         (s,a)\leftarrow \frac 1{\sum _{s'{\in}\xi (s,a)}^{}\widetilde T\lef...

? 
! You can't use `\eqno' in math mode.
\endmathdisplay@a ...\df@tag \@empty \else \veqno 
                                                  \alt@tag \df@tag \fi \ifx ...
l.370 \end{equation}
                    
? 
! Missing } inserted.
<inserted text> 
                }
l.370 \end{equation}
                    
? 
! Missing { inserted.
<to be read again> 
                   ^
l.375 Q^'
         (s,a)\leftarrow \frac 1{\sum _{s'{\in}\xi (s,a)}^{}\widetilde T\lef...

? 
! Missing { inserted.
<to be read again> 
                   ^
l.375 ...a \underset{a^{\ast }}{\mathit{max}}Q(s^'
                                                  ,a^{\ast })
? 
! You can't use `\eqno' in math mode.
\endmathdisplay@a ...\df@tag \@empty \else \veqno 
                                                  \alt@tag \df@tag \fi \ifx ...
l.376 \end{equation}
                    
? 
! Missing } inserted.
<inserted text> 
                }
l.376 \end{equation}
                    
? 
! Missing } inserted.
<inserted text> 
                }
l.376 \end{equation}
                    
? 
[11]
! Missing { inserted.
<to be read again> 
                   ^
l.383 Q^'
         \left(s,a\right)\leftarrow Q^{}\left(s,a\right)+\frac{\alpha } n\su...

? 
! Missing { inserted.
<to be read again> 
                   ^
l.383 ...underset{a^{\ast }}{\mathit{argmax}}Q(s^'
                                                  ,a^{\ast })
? 
! You can't use `\eqno' in math mode.
\endmathdisplay@a ...\df@tag \@empty \else \veqno 
                                                  \alt@tag \df@tag \fi \ifx ...
l.384 \end{equation}
                    
? 
! Missing } inserted.
<inserted text> 
                }
l.384 \end{equation}
                    
? 
! Missing } inserted.
<inserted text> 
                }
l.384 \end{equation}
                    
? 
! Missing { inserted.
<to be read again> 
                   ^
l.390 ...s such that  $l_i^j=\left\{(s_i,a_i,s_i^'
                                                  )\right\}_i^j$.
? 
! Missing } inserted.
<inserted text> 
                }
l.390 ...that  $l_i^j=\left\{(s_i,a_i,s_i^')\right
                                                  \}_i^j$.
? 
! Missing { inserted.
<to be read again> 
                   ^
l.392 ...widetilde T\left(s,a,s'\right)=P\left(s^'
                                                  \vee s,a\right)=\widetilde...

? 
! Missing } inserted.
<inserted text> 
                }
l.392 ...ft(s,a,s'\right)=P\left(s^'\vee s,a\right
                                                  )=\widetilde T\left(l_i^{i...

? 
! Missing { inserted.
<to be read again> 
                   ^
l.392 ...$ where  $l_i^{i+1}=\left\{(s_i,a_i,s_i^'
                                                  )\right\}_i^{i+1}$. The va...

? 
! Missing } inserted.
<inserted text> 
                }
l.392 ...  $l_i^{i+1}=\left\{(s_i,a_i,s_i^')\right
                                                  \}_i^{i+1}$. The value for...

? 

Overfull \hbox (33.82571pt too wide) in paragraph at lines 392--393
[]\T1/cmr/m/n/10 Using this no-ta-tion $[] [] \OT1/cmr/m/n/10 = \OML/cmm/m/it/1
0 P [] \OT1/cmr/m/n/10 = [] []$ \T1/cmr/m/n/10 where $\OML/cmm/m/it/10 l[] \OT1
/cmr/m/n/10 = [][]$\T1/cmr/m/n/10 .
 []

[12]
Overfull \hbox (135.53848pt too wide) in paragraph at lines 412--418
[]  
 []

! Missing { inserted.
<to be read again> 
                   ^
l.437 Note:  $P\left(\left\{s_z^'
                                 ,s_y^'\right\}\vee \left\{a_z,a_y\right\},\...

? 
! Missing { inserted.
<to be read again> 
                   ^
l.437 Note:  $P\left(\left\{s_z^',s_y^'
                                       \right\}\vee \left\{a_z,a_y\right\},\...

? 
! Missing } inserted.
<inserted text> 
                }
l.437 Note:  $P\left(\left\{s_z^',s_y^'\right
                                             \}\vee \left\{a_z,a_y\right\},\...

? 
! Missing } inserted.
<inserted text> 
                }
l.437 Note:  $P\left(\left\{s_z^',s_y^'\right
                                             \}\vee \left\{a_z,a_y\right\},\...

? 
! Missing { inserted.
<to be read again> 
                   ^
l.437 ...left\{s_z,s_y\right\}\right)=P\left(s_x^'
                                                  \vee a_x,s_x\right)$
? 
! Missing } inserted.
<inserted text> 
                }
l.437 ...t\}\right)=P\left(s_x^'\vee a_x,s_x\right
                                                  )$
? 
! Missing { inserted.
<to be read again> 
                   ^
l.439 ...stituent distributions $ $  $P\left(s_x^'
                                                  \vee a_x,s_x\right)=P\left...

? 
! Missing } inserted.
<inserted text> 
                }
l.439 ...ions $ $  $P\left(s_x^'\vee a_x,s_x\right
                                                  )=P\left(s_y^',s_z^'\vee a...

? 
! Missing { inserted.
<to be read again> 
                   ^
l.439 ...eft(s_x^'\vee a_x,s_x\right)=P\left(s_y^'
                                                  ,s_z^'\vee a_x,a_y,s_y,s_z...

? 
! Missing { inserted.
<to be read again> 
                   ^
l.439 ...x^'\vee a_x,s_x\right)=P\left(s_y^',s_z^'
                                                  \vee a_x,a_y,s_y,s_z\right...

? 
! Missing } inserted.
<inserted text> 
                }
l.439 ...eft(s_y^',s_z^'\vee a_x,a_y,s_y,s_z\right
                                                  )$. Thus, In our current n...

? 
! Missing } inserted.
<inserted text> 
                }
l.439 ...eft(s_y^',s_z^'\vee a_x,a_y,s_y,s_z\right
                                                  )$. Thus, In our current n...

? 
! Missing { inserted.
<to be read again> 
                   ^
l.442 \widetilde T_y\left(s_y^'
                               \vee s_y^{},a_y\right)=\sum _{s_z^'}^{}\sum _...

? 
! Missing } inserted.
<inserted text> 
                }
l.442 ...tilde T_y\left(s_y^'\vee s_y^{},a_y\right
                                                  )=\sum _{s_z^'}^{}\sum _{a...

? 
! Missing { inserted.
<to be read again> 
                   ^
l.442 ...(s_y^'\vee s_y^{},a_y\right)=\sum _{s_z^'
                                                  }^{}\sum _{a_z}^{}\sum _{s...

? 
! Double superscript.
l.442 ..._y^'\vee s_y^{},a_y\right)=\sum _{s_z^'}^
                                                  {}\sum _{a_z}^{}\sum _{s_z...

? 
! Missing { inserted.
<to be read again> 
                   ^
l.442 ..._{s_z}^{}\widetilde T_x\left(\left\{s_y^'
                                                  ,s_z^'\right\}\vee \left\{...

? 
! Missing { inserted.
<to be read again> 
                   ^
l.442 ...^{}\widetilde T_x\left(\left\{s_y^',s_z^'
                                                  \right\}\vee \left\{s_y^{}...

? 
! Missing } inserted.
<inserted text> 
                }
l.442 ...detilde T_x\left(\left\{s_y^',s_z^'\right
                                                  \}\vee \left\{s_y^{},s_z^{...

? 
! Missing } inserted.
<inserted text> 
                }
l.442 ...detilde T_x\left(\left\{s_y^',s_z^'\right
                                                  \}\vee \left\{s_y^{},s_z^{...

? 
! Missing { inserted.
<to be read again> 
                   ^
l.442 ...\pi _x\left(a_y,a_z^'\vee s_y,s_z\right)}
                                                  
? 
! Double superscript.
<argument> \sum _{a_z^'}^
                         {}\pi _x\left (a_y,a_z^'\vee s_y,s_z\right )
l.442 ...\pi _x\left(a_y,a_z^'\vee s_y,s_z\right)}
                                                  
? 
! Missing { inserted.
<to be read again> 
                   ^
l.442 ...\pi _x\left(a_y,a_z^'\vee s_y,s_z\right)}
                                                  
? 
! Missing } inserted.
<inserted text> 
                }
l.442 ...\pi _x\left(a_y,a_z^'\vee s_y,s_z\right)}
                                                  
? 
! You can't use `\eqno' in math mode.
\endmathdisplay@a ...\df@tag \@empty \else \veqno 
                                                  \alt@tag \df@tag \fi \ifx ...
l.443 \end{equation}
                    
? 
! Missing } inserted.
<inserted text> 
                }
l.443 \end{equation}
                    
? 
! Missing } inserted.
<inserted text> 
                }
l.443 \end{equation}
                    
? 
[13]
! Missing { inserted.
<to be read again> 
                   ^
l.449 \widetilde T_z\left(s_z^'
                               \vee s_z^{},a_z,a_y\right)\leftarrow \sum _{s...

? 
! Missing } inserted.
<inserted text> 
                }
l.449 ...e T_z\left(s_z^'\vee s_z^{},a_z,a_y\right
                                                  )\leftarrow \sum _{s_z^'}^...

? 
! Missing { inserted.
<to be read again> 
                   ^
l.449 ...^{},a_z,a_y\right)\leftarrow \sum _{s_z^'
                                                  }^{}\widetilde T_x\left(\l...

? 
! Double superscript.
l.449 ...},a_z,a_y\right)\leftarrow \sum _{s_z^'}^
                                                  {}\widetilde T_x\left(\lef...

? 
! Missing { inserted.
<to be read again> 
                   ^
l.449 ...s_z^'}^{}\widetilde T_x\left(\left\{s_y^'
                                                  ,s_z^'\right\}\vee \left\{...

? 
! Missing { inserted.
<to be read again> 
                   ^
l.449 ...^{}\widetilde T_x\left(\left\{s_y^',s_z^'
                                                  \right\}\vee \left\{s_y^{}...

? 
! Missing } inserted.
<inserted text> 
                }
l.449 ...detilde T_x\left(\left\{s_y^',s_z^'\right
                                                  \}\vee \left\{s_y^{},s_z^{...

? 
! Missing } inserted.
<inserted text> 
                }
l.449 ...detilde T_x\left(\left\{s_y^',s_z^'\right
                                                  \}\vee \left\{s_y^{},s_z^{...

? 
! You can't use `\eqno' in math mode.
\endmathdisplay@a ...\df@tag \@empty \else \veqno 
                                                  \alt@tag \df@tag \fi \ifx ...
l.450 \end{equation}
                    
? 
! Missing } inserted.
<inserted text> 
                }
l.450 \end{equation}
                    
? 
! Missing { inserted.
<to be read again> 
                   ^
l.454 \widetilde T_y\left(s_y^'
                               \vee s_y^{},a_y\right)=\sum _{s_z^'}^{}\sum _...

? 
! Missing } inserted.
<inserted text> 
                }
l.454 ...tilde T_y\left(s_y^'\vee s_y^{},a_y\right
                                                  )=\sum _{s_z^'}^{}\sum _{a...

? 
! Missing { inserted.
<to be read again> 
                   ^
l.454 ...(s_y^'\vee s_y^{},a_y\right)=\sum _{s_z^'
                                                  }^{}\sum _{a_z}^{}\widetil...

? 
! Double superscript.
l.454 ..._y^'\vee s_y^{},a_y\right)=\sum _{s_z^'}^
                                                  {}\sum _{a_z}^{}\widetilde...

? 
! Missing { inserted.
<to be read again> 
                   ^
l.454 ..._{a_z}^{}\widetilde T_x\left(\left\{s_y^'
                                                  ,s_z^'\right\}\vee \left\{...

? 
! Missing { inserted.
<to be read again> 
                   ^
l.454 ...^{}\widetilde T_x\left(\left\{s_y^',s_z^'
                                                  \right\}\vee \left\{s_y^{}...

? 
! Missing } inserted.
<inserted text> 
                }
l.454 ...detilde T_x\left(\left\{s_y^',s_z^'\right
                                                  \}\vee \left\{s_y^{},s_z^{...

? 
! Missing } inserted.
<inserted text> 
                }
l.454 ...detilde T_x\left(\left\{s_y^',s_z^'\right
                                                  \}\vee \left\{s_y^{},s_z^{...

? 
! You can't use `\eqno' in math mode.
\endmathdisplay@a ...\df@tag \@empty \else \veqno 
                                                  \alt@tag \df@tag \fi \ifx ...
l.455 \end{equation}
                    
? 
! Missing } inserted.
<inserted text> 
                }
l.455 \end{equation}
                    
? 
! Missing { inserted.
<to be read again> 
                   ^
l.470 ...ft(a_y\vee s_y\right)=\sigma \sum _{s_z^'
                                                  }^{}\sum _{s_z}^{}\sum _{a...

? 
! Double superscript.
l.470 ...(a_y\vee s_y\right)=\sigma \sum _{s_z^'}^
                                                  {}\sum _{s_z}^{}\sum _{a_z...

? 
! Missing { inserted.
<to be read again> 
                   ^
l.470 ..._{a_z}^{}\widetilde T_x\left(\left\{s_y^'
                                                  ,s_z^'\right\}\vee \left\{...

? 
! Missing { inserted.
<to be read again> 
                   ^
l.470 ...^{}\widetilde T_x\left(\left\{s_y^',s_z^'
                                                  \right\}\vee \left\{s_y^{}...

? 
! Missing } inserted.
<inserted text> 
                }
l.470 ...detilde T_x\left(\left\{s_y^',s_z^'\right
                                                  \}\vee \left\{s_y^{},s_z^{...

? 
! Missing } inserted.
<inserted text> 
                }
l.470 ...detilde T_x\left(\left\{s_y^',s_z^'\right
                                                  \}\vee \left\{s_y^{},s_z^{...

? 
! You can't use `\eqno' in math mode.
\endmathdisplay@a ...\df@tag \@empty \else \veqno 
                                                  \alt@tag \df@tag \fi \ifx ...
l.471 \end{equation}
                    
? 
! Missing } inserted.
<inserted text> 
                }
l.471 \end{equation}
                    
? 
! Missing { inserted.
<to be read again> 
                   ^
l.493 \item Knowing  $s_x^'
                           =\left\{s_y^',s_z^'\right\}$
? 
! Missing { inserted.
<to be read again> 
                   ^
l.493 \item Knowing  $s_x^'=\left\{s_y^'
                                        ,s_z^'\right\}$
? 
! Missing { inserted.
<to be read again> 
                   ^
l.493 \item Knowing  $s_x^'=\left\{s_y^',s_z^'
                                              \right\}$
? 
! Missing } inserted.
<inserted text> 
                }
l.493 ... Knowing  $s_x^'=\left\{s_y^',s_z^'\right
                                                  \}$
? 
! Missing } inserted.
<inserted text> 
                }
l.493 ... Knowing  $s_x^'=\left\{s_y^',s_z^'\right
                                                  \}$
? 
! Missing } inserted.
<inserted text> 
                }
l.493 ...owing  $s_x^'=\left\{s_y^',s_z^'\right\}$
                                                  
? 
! Missing { inserted.
<to be read again> 
                   ^
l.494 \item  $\widetilde T_x\left(\left\{s_y^'
                                              ,s_z^'\right\}\vee \left\{s_y^...

? 
! Missing { inserted.
<to be read again> 
                   ^
l.494 ...  $\widetilde T_x\left(\left\{s_y^',s_z^'
                                                  \right\}\vee \left\{s_y^{}...

? 
! Missing } inserted.
<inserted text> 
                }
l.494 ...detilde T_x\left(\left\{s_y^',s_z^'\right
                                                  \}\vee \left\{s_y^{},s_z^{...

? 
! Missing } inserted.
<inserted text> 
                }
l.494 ...detilde T_x\left(\left\{s_y^',s_z^'\right
                                                  \}\vee \left\{s_y^{},s_z^{...

? 
! Missing { inserted.
<to be read again> 
                   ^
l.494 ...ht\},a_x\right)=\widetilde T_y\left(s_y^'
                                                  \vee s_y^{},a_x\right)\wid...

? 
! Missing } inserted.
<inserted text> 
                }
l.494 ...tilde T_y\left(s_y^'\vee s_y^{},a_x\right
                                                  )\widetilde T_z\left(s_z^'...

? 
! Missing { inserted.
<to be read again> 
                   ^
l.494 ..._y^{},a_x\right)\widetilde T_z\left(s_z^'
                                                  \vee s_z^{},a_x\right)$
? 
! Missing } inserted.
<inserted text> 
                }
l.494 ...tilde T_z\left(s_z^'\vee s_z^{},a_x\right
                                                  )$
? 

Overfull \hbox (135.53848pt too wide) in paragraph at lines 481--505
[]  
 []

[14] [15]
Overfull \hbox (135.53848pt too wide) in paragraph at lines 539--548
[]  
 []


Overfull \hbox (1.49702pt too wide) in paragraph at lines 564--566
\T1/cmr/m/n/10 knowing $[]\OML/cmm/m/it/10 R [] \OT1/cmr/m/n/10 = []\OML/cmm/m/
it/10 R []$ \T1/cmr/m/n/10 al-lows
 []

[16]
Overfull \hbox (68.96608pt too wide) detected at line 569
\OT1/cmr/m/n/10 
[]([]) = [] [] \OML/cmm/m/it/10 P [] []
 []

! Missing { inserted.
<to be read again> 
                   ^
l.576 ...t(a_u,a_l\right)\right)\left(R_l\left(j^'
                                                  \vee a_l,i',j\right)+\math...

? 
! Missing } inserted.
<inserted text> 
                }
l.576 ...ght)\left(R_l\left(j^'\vee a_l,i',j\right
                                                  )+\mathit{\gamma V}\left(\...

? 

Overfull \hbox (22.36696pt too wide) detected at line 577
\OT1/cmr/m/n/10 
[]([]) = [] [] \OML/cmm/m/it/10 P [] []
 []

! Missing { inserted.
<to be read again> 
                   ^
l.581 ...eft(j'\vee a_u,j\right)\left(R_l\left(j^'
                                                  \vee a_l,i',j\right)+\math...

? 
! Missing } inserted.
<inserted text> 
                }
l.581 ...ght)\left(R_l\left(j^'\vee a_l,i',j\right
                                                  )+\mathit{\gamma V}\left(\...

? 

Overfull \hbox (18.50922pt too wide) detected at line 582
\OT1/cmr/m/n/10 
[]([]) = [] [] \OML/cmm/m/it/10 P [] P [] []
 []

! Missing { inserted.
<to be read again> 
                   ^
l.586 ...eft(i'\vee a_l,i\right)\left(R_l\left(j^'
                                                  \vee a_l,i',j\right)+\math...

? 
! Missing } inserted.
<inserted text> 
                }
l.586 ...ght)\left(R_l\left(j^'\vee a_l,i',j\right
                                                  )+\mathit{\gamma V}\left(\...

? 

Overfull \hbox (33.07544pt too wide) detected at line 587
\OT1/cmr/m/n/10 
[]([]) = [] [] \OML/cmm/m/it/10 P [] []
 []

! Missing { inserted.
<to be read again> 
                   ^
l.594 ...eft(i'\vee a_l,i\right)\left(R_l\left(j^'
                                                  \vee a_l,i',j\right)-R_l\l...

? 
! Missing } inserted.
<inserted text> 
                }
l.594 ...ght)\left(R_l\left(j^'\vee a_l,i',j\right
                                                  )-R_l\left(j'^{}\vee a_l,i...

? 

Overfull \hbox (150.04736pt too wide) detected at line 595
\OT1/cmr/m/n/10 
[] [] = [] [] \OML/cmm/m/it/10 P [] []
 []

! Missing { inserted.
<to be read again> 
                   ^
l.596 ...j'\vee a_l,j\right)\left(R\left(j,a_l,j^'
                                                  \vee i\right)+\mathit{\gam...

? 
! Missing } inserted.
<inserted text> 
                }
l.596 ...\right)\left(R\left(j,a_l,j^'\vee i\right
                                                  )+\mathit{\gamma V}\left(j...

? 
! Missing { inserted.
<to be read again> 
                   ^
l.596 ...'\vee i\right)+\mathit{\gamma V}\left(j^'
                                                  \vee i\right)\right)$.
? 
! Missing } inserted.
<inserted text> 
                }
l.596 ...t)+\mathit{\gamma V}\left(j^'\vee i\right
                                                  )\right)$.
? 

Overfull \hbox (11.82898pt too wide) in paragraph at lines 595--597
\T1/cmr/m/n/10 And, an op-ti-mal de-ci-sion pol-icy can be sub-sti-tuted in for
 ac-tion se-lec-tion $\OT1/cmr/m/n/10 
[] [] =
 []

! Missing { inserted.
<to be read again> 
                   ^
l.599 ...\right.\right),j\right)\left(R_l\left(j^'
                                                  \vee \Omega _{}^{\ast }\le...

? 
! Missing } inserted.
<inserted text> 
                }
l.599 ... }\left(j\left|i\right.\right),i',j\right
                                                  )-R_l\left(j^{}\vee \Omega...

? 

Overfull \hbox (226.27528pt too wide) detected at line 600
\OT1/cmr/m/n/10 
[] [] = [] [] \OML/cmm/m/it/10 P [] []
 []

! Missing { inserted.
<to be read again> 
                   ^
l.604 ...eft(i'\vee a_u,i\right)\left[R_u\left(i^'
                                                  \vee a_u,j,i\right)+\mathi...

? 
! Missing } inserted.
<inserted text> 
                }
l.604 ...ight)\left[R_u\left(i^'\vee a_u,j,i\right
                                                  )+\mathit{\gamma V}\left(i...

? 
[17]
! Missing { inserted.
<to be read again> 
                   ^
l.612 ...eft(i'\vee a_u,i\right)\left[R_u\left(i^'
                                                  \vee a_u,i\right)+\mathit{...

? 
! Missing } inserted.
<inserted text> 
                }
l.612 ...\right)\left[R_u\left(i^'\vee a_u,i\right
                                                  )+\mathit{\gamma V}\left(i...

? 

Overfull \hbox (49.41074pt too wide) detected at line 613
\OT1/cmr/m/n/10 
[] [] = [] [] [] [] []\OML/cmm/m/it/10 a[][]\OT1/cmr/m/n/10 
[] []
 []

[18] (dependentMDPs_11_w2L.aux) ) 
Here is how much of TeX's memory you used:
 3830 strings out of 493328
 47536 string characters out of 3139099
 103036 words of memory out of 3000000
 7312 multiletter control sequences out of 15000+200000
 13637 words of font info for 40 fonts, out of 3000000 for 9000
 1141 hyphenation exceptions out of 8191
 27i,16n,26p,1231b,307s stack positions out of 5000i,500n,10000p,200000b,50000s
 <C:\Users\Chris Hemming\AppData\Local\MiKTeX\
2.9\fonts\pk\ljfour\jknappen\ec\dpi600\tcrm1000.pk> <C:\Users\Chris Hemming\App
Data\Local\MiKTeX\2.9\fonts\pk\ljfour\jknappen\ec\dpi600\ecbx1000.pk> <C:\Users
\Chris Hemming\AppData\Local\MiKTeX\2.9\fonts\pk\ljfour\jknappen\ec\dpi600\ecbx
1200.pk> <C:\Users\Chris Hemming\AppData\Local\MiKTeX\2.9\fonts\pk\ljfour\jknap
pen\ec\dpi600\ecrm1000.pk> <C:\Users\Chris Hemming\AppData\Local\MiKTeX\2.9\fon
ts\pk\ljfour\jknappen\ec\dpi600\ecbx1440.pk><C:/Program Files/MiKTeX 2.9/fonts/
type1/public/amsfonts/cm/cmex10.pfb><C:/Program Files/MiKTeX 2.9/fonts/type1/pu
blic/amsfonts/cmextra/cmex7.pfb><C:/Program Files/MiKTeX 2.9/fonts/type1/public
/amsfonts/cm/cmmi10.pfb><C:/Program Files/MiKTeX 2.9/fonts/type1/public/amsfont
s/cm/cmmi5.pfb><C:/Program Files/MiKTeX 2.9/fonts/type1/public/amsfonts/cm/cmmi
7.pfb><C:/Program Files/MiKTeX 2.9/fonts/type1/public/amsfonts/cm/cmr10.pfb><C:
/Program Files/MiKTeX 2.9/fonts/type1/public/amsfonts/cm/cmr5.pfb><C:/Program F
iles/MiKTeX 2.9/fonts/type1/public/amsfonts/cm/cmr7.pfb><C:/Program Files/MiKTe
X 2.9/fonts/type1/public/amsfonts/cm/cmsy10.pfb><C:/Program Files/MiKTeX 2.9/fo
nts/type1/public/amsfonts/cm/cmsy5.pfb><C:/Program Files/MiKTeX 2.9/fonts/type1
/public/amsfonts/cm/cmsy7.pfb><C:/Program Files/MiKTeX 2.9/fonts/type1/public/a
msfonts/cm/cmti10.pfb><C:/Program Files/MiKTeX 2.9/fonts/type1/public/amsfonts/
cm/cmti7.pfb>
Output written on dependentMDPs_11_w2L.pdf (18 pages, 284802 bytes).
PDF statistics:
 358 PDF objects out of 1000 (max. 8388607)
 0 named destinations out of 1000 (max. 500000)
 1 words of extra memory for PDF output out of 10000 (max. 10000000)

