This is pdfTeX, Version 3.14159265-2.6-1.40.18 (MiKTeX 2.9.6300 64-bit) (preloaded format=pdflatex 2017.7.10)  14 SEP 2017 15:25
entering extended mode
**./dependentMDPs_11.tex
(dependentMDPs_11.tex
LaTeX2e <2017-04-15>
Babel <3.9r> and hyphenation patterns for 75 language(s) loaded.
(IEEEtran.cls
Document Class: IEEEtran 2015/08/26 V1.8b by Michael Shell
-- See the "IEEEtran_HOWTO" manual for usage information.
-- http://www.michaelshell.org/tex/ieeetran/
\@IEEEtrantmpdimenA=\dimen102
\@IEEEtrantmpdimenB=\dimen103
\@IEEEtrantmpdimenC=\dimen104
\@IEEEtrantmpcountA=\count79
\@IEEEtrantmpcountB=\count80
\@IEEEtrantmpcountC=\count81
\@IEEEtrantmptoksA=\toks14
LaTeX Font Info:    Try loading font information for OT1+ppl on input line 503.

("C:\Program Files\MiKTeX 2.9\tex\latex\psnfss\ot1ppl.fd"
File: ot1ppl.fd 2001/06/04 font definitions for OT1/ppl.
)
-- Using IEEE Computer Society mode.
-- Using 8.5in x 11in (letter) paper.
-- Using PDF output.
\@IEEEnormalsizeunitybaselineskip=\dimen105
-- This is a 10 point document.
\CLASSINFOnormalsizebaselineskip=\dimen106
\CLASSINFOnormalsizeunitybaselineskip=\dimen107
\IEEEnormaljot=\dimen108
LaTeX Font Info:    Font shape `OT1/ppl/bx/n' in size <5.01874> not available
(Font)              Font shape `OT1/ppl/b/n' tried instead on input line 1090.
LaTeX Font Info:    Font shape `OT1/ppl/bx/it' in size <5.01874> not available
(Font)              Font shape `OT1/ppl/b/it' tried instead on input line 1090.

LaTeX Font Info:    Font shape `OT1/ppl/bx/n' in size <7.02625> not available
(Font)              Font shape `OT1/ppl/b/n' tried instead on input line 1090.
LaTeX Font Info:    Font shape `OT1/ppl/bx/it' in size <7.02625> not available
(Font)              Font shape `OT1/ppl/b/it' tried instead on input line 1090.

LaTeX Font Info:    Font shape `OT1/ppl/bx/n' in size <8.03> not available
(Font)              Font shape `OT1/ppl/b/n' tried instead on input line 1090.
LaTeX Font Info:    Font shape `OT1/ppl/bx/it' in size <8.03> not available
(Font)              Font shape `OT1/ppl/b/it' tried instead on input line 1090.

LaTeX Font Info:    Font shape `OT1/ppl/bx/n' in size <9.03374> not available
(Font)              Font shape `OT1/ppl/b/n' tried instead on input line 1090.
LaTeX Font Info:    Font shape `OT1/ppl/bx/it' in size <9.03374> not available
(Font)              Font shape `OT1/ppl/b/it' tried instead on input line 1090.

LaTeX Font Info:    Font shape `OT1/ppl/bx/n' in size <9.53561> not available
(Font)              Font shape `OT1/ppl/b/n' tried instead on input line 1090.
LaTeX Font Info:    Font shape `OT1/ppl/bx/it' in size <9.53561> not available
(Font)              Font shape `OT1/ppl/b/it' tried instead on input line 1090.

LaTeX Font Info:    Font shape `OT1/ppl/bx/n' in size <11.04124> not available
(Font)              Font shape `OT1/ppl/b/n' tried instead on input line 1090.
LaTeX Font Info:    Font shape `OT1/ppl/bx/it' in size <11.04124> not available

(Font)              Font shape `OT1/ppl/b/it' tried instead on input line 1090.

LaTeX Font Info:    Font shape `OT1/ppl/bx/n' in size <12.045> not available
(Font)              Font shape `OT1/ppl/b/n' tried instead on input line 1090.
LaTeX Font Info:    Font shape `OT1/ppl/bx/it' in size <12.045> not available
(Font)              Font shape `OT1/ppl/b/it' tried instead on input line 1090.

LaTeX Font Info:    Font shape `OT1/ppl/bx/n' in size <17.06374> not available
(Font)              Font shape `OT1/ppl/b/n' tried instead on input line 1090.
LaTeX Font Info:    Font shape `OT1/ppl/bx/it' in size <17.06374> not available

(Font)              Font shape `OT1/ppl/b/it' tried instead on input line 1090.

LaTeX Font Info:    Font shape `OT1/ppl/bx/n' in size <20.075> not available
(Font)              Font shape `OT1/ppl/b/n' tried instead on input line 1090.
LaTeX Font Info:    Font shape `OT1/ppl/bx/it' in size <20.075> not available
(Font)              Font shape `OT1/ppl/b/it' tried instead on input line 1090.

LaTeX Font Info:    Font shape `OT1/ppl/bx/n' in size <24.09> not available
(Font)              Font shape `OT1/ppl/b/n' tried instead on input line 1090.
LaTeX Font Info:    Font shape `OT1/ppl/bx/it' in size <24.09> not available
(Font)              Font shape `OT1/ppl/b/it' tried instead on input line 1090.

\IEEEquantizedlength=\dimen109
\IEEEquantizedlengthdiff=\dimen110
\IEEEquantizedtextheightdiff=\dimen111
\IEEEilabelindentA=\dimen112
\IEEEilabelindentB=\dimen113
\IEEEilabelindent=\dimen114
\IEEEelabelindent=\dimen115
\IEEEdlabelindent=\dimen116
\IEEElabelindent=\dimen117
\IEEEiednormlabelsep=\dimen118
\IEEEiedmathlabelsep=\dimen119
\IEEEiedtopsep=\skip41
\c@section=\count82
\c@subsection=\count83
\c@subsubsection=\count84
\c@paragraph=\count85
\c@IEEEsubequation=\count86
\abovecaptionskip=\skip42
\belowcaptionskip=\skip43
\c@figure=\count87
\c@table=\count88
\@IEEEeqnnumcols=\count89
\@IEEEeqncolcnt=\count90
\@IEEEsubeqnnumrollback=\count91
\@IEEEquantizeheightA=\dimen120
\@IEEEquantizeheightB=\dimen121
\@IEEEquantizeheightC=\dimen122
\@IEEEquantizeprevdepth=\dimen123
\@IEEEquantizemultiple=\count92
\@IEEEquantizeboxA=\box26
\@IEEEtmpitemindent=\dimen124
\IEEEPARstartletwidth=\dimen125
\c@IEEEbiography=\count93
\@IEEEtranrubishbin=\box27
)
("C:\Users\Christopher Hemming\AppData\Roaming\MiKTeX\2.9\tex\latex\cite\cite.s
ty"
LaTeX Info: Redefining \cite on input line 302.
LaTeX Info: Redefining \nocite on input line 332.
Package: cite 2015/02/27  v 5.5
) ("C:\Program Files\MiKTeX 2.9\tex\latex\graphics\graphicx.sty"
Package: graphicx 2014/10/28 v1.0g Enhanced LaTeX Graphics (DPC,SPQR)

("C:\Program Files\MiKTeX 2.9\tex\latex\graphics\keyval.sty"
Package: keyval 2014/10/28 v1.15 key=value parser (DPC)
\KV@toks@=\toks15
)
("C:\Program Files\MiKTeX 2.9\tex\latex\graphics\graphics.sty"
Package: graphics 2017/04/14 v1.1b Standard LaTeX Graphics (DPC,SPQR)

("C:\Program Files\MiKTeX 2.9\tex\latex\graphics\trig.sty"
Package: trig 2016/01/03 v1.10 sin cos tan (DPC)
)
("C:\Program Files\MiKTeX 2.9\tex\latex\graphics-cfg\graphics.cfg"
File: graphics.cfg 2016/06/04 v1.11 sample graphics configuration
)
Package graphics Info: Driver file: pdftex.def on input line 99.

("C:\Program Files\MiKTeX 2.9\tex\latex\graphics-def\pdftex.def"
File: pdftex.def 2017/01/12 v0.06k Graphics/color for pdfTeX

("C:\Program Files\MiKTeX 2.9\tex\generic\oberdiek\infwarerr.sty"
Package: infwarerr 2016/05/16 v1.4 Providing info/warning/error messages (HO)
)
("C:\Program Files\MiKTeX 2.9\tex\generic\oberdiek\ltxcmds.sty"
Package: ltxcmds 2016/05/16 v1.23 LaTeX kernel commands for general use (HO)
)
\Gread@gobject=\count94
))
\Gin@req@height=\dimen126
\Gin@req@width=\dimen127
)
("C:\Program Files\MiKTeX 2.9\tex\latex\amsmath\amsmath.sty"
Package: amsmath 2016/11/05 v2.16a AMS math features
\@mathmargin=\skip44

For additional information on amsmath, use the `?' option.
("C:\Program Files\MiKTeX 2.9\tex\latex\amsmath\amstext.sty"
Package: amstext 2000/06/29 v2.01 AMS text

("C:\Program Files\MiKTeX 2.9\tex\latex\amsmath\amsgen.sty"
File: amsgen.sty 1999/11/30 v2.0 generic functions
\@emptytoks=\toks16
\ex@=\dimen128
))
("C:\Program Files\MiKTeX 2.9\tex\latex\amsmath\amsbsy.sty"
Package: amsbsy 1999/11/29 v1.2d Bold Symbols
\pmbraise@=\dimen129
)
("C:\Program Files\MiKTeX 2.9\tex\latex\amsmath\amsopn.sty"
Package: amsopn 2016/03/08 v2.02 operator names
)
\inf@bad=\count95
LaTeX Info: Redefining \frac on input line 213.
\uproot@=\count96
\leftroot@=\count97
LaTeX Info: Redefining \overline on input line 375.
\classnum@=\count98
\DOTSCASE@=\count99
LaTeX Info: Redefining \ldots on input line 472.
LaTeX Info: Redefining \dots on input line 475.
LaTeX Info: Redefining \cdots on input line 596.
\Mathstrutbox@=\box28
\strutbox@=\box29
\big@size=\dimen130
LaTeX Font Info:    Redeclaring font encoding OML on input line 712.
LaTeX Font Info:    Redeclaring font encoding OMS on input line 713.
\macc@depth=\count100
\c@MaxMatrixCols=\count101
\dotsspace@=\muskip10
\c@parentequation=\count102
\dspbrk@lvl=\count103
\tag@help=\toks17
\row@=\count104
\column@=\count105
\maxfields@=\count106
\andhelp@=\toks18
\eqnshift@=\dimen131
\alignsep@=\dimen132
\tagshift@=\dimen133
\tagwidth@=\dimen134
\totwidth@=\dimen135
\lineht@=\dimen136
\@envbody=\toks19
\multlinegap=\skip45
\multlinetaggap=\skip46
\mathdisplay@stack=\toks20
LaTeX Info: Redefining \[ on input line 2817.
LaTeX Info: Redefining \] on input line 2818.
)
("C:\Program Files\MiKTeX 2.9\tex\latex\amsfonts\amssymb.sty"
Package: amssymb 2013/01/14 v3.01 AMS font symbols

("C:\Program Files\MiKTeX 2.9\tex\latex\amsfonts\amsfonts.sty"
Package: amsfonts 2013/01/14 v3.01 Basic AMSFonts support
\symAMSa=\mathgroup4
\symAMSb=\mathgroup5
LaTeX Font Info:    Overwriting math alphabet `\mathfrak' in version `bold'
(Font)                  U/euf/m/n --> U/euf/b/n on input line 106.
))
("C:\Program Files\MiKTeX 2.9\tex\latex\tools\array.sty"
Package: array 2016/10/06 v2.4d Tabular extension package (FMi)
\col@sep=\dimen137
\extrarowheight=\dimen138
\NC@list=\toks21
\extratabsurround=\skip47
\backup@length=\skip48
)
("C:\Users\Christopher Hemming\AppData\Roaming\MiKTeX\2.9\tex\latex\subfig\subf
ig.sty"
Package: subfig 2005/06/28 ver: 1.3 subfig package

("C:\Users\Christopher Hemming\AppData\Roaming\MiKTeX\2.9\tex\latex\caption\cap
tion3.sty"
Package: caption3 2016/05/22 v1.7-166 caption3 kernel (AR)
Package caption3 Info: TeX engine: e-TeX on input line 67.
\captionmargin=\dimen139
\captionmargin@=\dimen140
\captionwidth=\dimen141
\caption@tempdima=\dimen142
\caption@indent=\dimen143
\caption@parindent=\dimen144
\caption@hangindent=\dimen145
Package caption Info: Unknown document class (or package),
(caption)             standard defaults will be used.
)
\c@KVtest=\count107
\sf@farskip=\skip49
\sf@captopadj=\dimen146
\sf@capskip=\skip50
\sf@nearskip=\skip51
\c@subfigure=\count108
\c@subfigure@save=\count109
\c@lofdepth=\count110
\c@subtable=\count111
\c@subtable@save=\count112
\c@lotdepth=\count113
\sf@top=\skip52
\sf@bottom=\skip53
) ("C:\Program Files\MiKTeX 2.9\tex\latex\base\fixltx2e.sty"
Package: fixltx2e 2016/12/29 v2.1a fixes to LaTeX (obsolete)
Applying: [2015/01/01] Old fixltx2e package on input line 46.


Package fixltx2e Warning: fixltx2e is not required with releases after 2015
(fixltx2e)                All fixes are now in the LaTeX kernel.
(fixltx2e)                See the latexrelease package for details.

Already applied: [0000/00/00] Old fixltx2e package on input line 53.
) (dependentMDPs_11.aux)
\openout1 = `dependentMDPs_11.aux'.

LaTeX Font Info:    Checking defaults for OML/cmm/m/it on input line 433.
LaTeX Font Info:    ... okay on input line 433.
LaTeX Font Info:    Checking defaults for T1/cmr/m/n on input line 433.
LaTeX Font Info:    ... okay on input line 433.
LaTeX Font Info:    Checking defaults for OT1/cmr/m/n on input line 433.
LaTeX Font Info:    ... okay on input line 433.
LaTeX Font Info:    Checking defaults for OMS/cmsy/m/n on input line 433.
LaTeX Font Info:    ... okay on input line 433.
LaTeX Font Info:    Checking defaults for OMX/cmex/m/n on input line 433.
LaTeX Font Info:    ... okay on input line 433.
LaTeX Font Info:    Checking defaults for U/cmr/m/n on input line 433.
LaTeX Font Info:    ... okay on input line 433.

-- Lines per column: 38 (exact).

("C:\Users\Christopher Hemming\AppData\Roaming\MiKTeX\2.9\tex\context\base\supp
-pdf.mkii"
[Loading MPS to PDF converter (version 2006.09.02).]
\scratchcounter=\count114
\scratchdimen=\dimen147
\scratchbox=\box30
\nofMPsegments=\count115
\nofMParguments=\count116
\everyMPshowfont=\toks22
\MPscratchCnt=\count117
\MPscratchDim=\dimen148
\MPnumerator=\count118
\makeMPintoPDFobject=\count119
\everyMPtoPDFconversion=\toks23
) ("C:\Program Files\MiKTeX 2.9\tex\generic\oberdiek\pdftexcmds.sty"
Package: pdftexcmds 2017/03/19 v0.25 Utility functions of pdfTeX for LuaTeX (HO
)

("C:\Program Files\MiKTeX 2.9\tex\generic\oberdiek\ifluatex.sty"
Package: ifluatex 2016/05/16 v1.4 Provides the ifluatex switch (HO)
Package ifluatex Info: LuaTeX not detected.
)
("C:\Program Files\MiKTeX 2.9\tex\generic\oberdiek\ifpdf.sty"
Package: ifpdf 2017/03/15 v3.2 Provides the ifpdf switch
)
Package pdftexcmds Info: LuaTeX not detected.
Package pdftexcmds Info: \pdf@primitive is available.
Package pdftexcmds Info: \pdf@ifprimitive is available.
Package pdftexcmds Info: \pdfdraftmode found.
)
("C:\Program Files\MiKTeX 2.9\tex\latex\oberdiek\epstopdf-base.sty"
Package: epstopdf-base 2016/05/15 v2.6 Base part for package epstopdf

("C:\Program Files\MiKTeX 2.9\tex\latex\oberdiek\grfext.sty"
Package: grfext 2016/05/16 v1.2 Manage graphics extensions (HO)

("C:\Program Files\MiKTeX 2.9\tex\generic\oberdiek\kvdefinekeys.sty"
Package: kvdefinekeys 2016/05/16 v1.4 Define keys (HO)
))
("C:\Program Files\MiKTeX 2.9\tex\latex\oberdiek\kvoptions.sty"
Package: kvoptions 2016/05/16 v3.12 Key value format for package options (HO)

("C:\Program Files\MiKTeX 2.9\tex\generic\oberdiek\kvsetkeys.sty"
Package: kvsetkeys 2016/05/16 v1.17 Key value parser (HO)

("C:\Program Files\MiKTeX 2.9\tex\generic\oberdiek\etexcmds.sty"
Package: etexcmds 2016/05/16 v1.6 Avoid name clashes with e-TeX commands (HO)
Package etexcmds Info: Could not find \expanded.
(etexcmds)             That can mean that you are not using pdfTeX 1.50 or
(etexcmds)             that some package has redefined \expanded.
(etexcmds)             In the latter case, load this package earlier.
)))
Package epstopdf-base Info: Redefining graphics rule for `.eps' on input line 4
38.
Package grfext Info: Graphics extension search list:
(grfext)             [.pdf,.jpeg,.png,.eps]
(grfext)             \AppendGraphicsExtensions on input line 456.
)
Package caption Info: Begin \AtBeginDocument code.
Package caption Info: subfig package v1.3 is loaded.
Package caption Info: End \AtBeginDocument code.
LaTeX Font Info:    Try loading font information for OT1+phv on input line 442.


("C:\Program Files\MiKTeX 2.9\tex\latex\psnfss\ot1phv.fd"
File: ot1phv.fd 2001/06/04 scalable font definitions for OT1/phv.
)
LaTeX Font Info:    Calculating math sizes for size <11.04124> on input line 44
2.
LaTeX Font Info:    Try loading font information for U+msa on input line 442.

("C:\Program Files\MiKTeX 2.9\tex\latex\amsfonts\umsa.fd"
File: umsa.fd 2013/01/14 v3.01 AMS symbols A
)
LaTeX Font Info:    Try loading font information for U+msb on input line 442.

("C:\Program Files\MiKTeX 2.9\tex\latex\amsfonts\umsb.fd"
File: umsb.fd 2013/01/14 v3.01 AMS symbols B
)
LaTeX Font Info:    Try loading font information for U+pzd on input line 442.

("C:\Program Files\MiKTeX 2.9\tex\latex\psnfss\upzd.fd"
File: upzd.fd 2001/06/04 font definitions for U/pzd.
)
LaTeX Font Info:    Calculating math sizes for size <8.03> on input line 442.
LaTeX Font Info:    Font shape `OT1/phv/bx/n' in size <8.03> not available
(Font)              Font shape `OT1/phv/b/n' tried instead on input line 444.
LaTeX Font Info:    Try loading font information for OML+phv on input line 460.


("C:\Program Files\MiKTeX 2.9\tex\latex\psnfss\omlphv.fd"
File: omlphv.fd 
)
LaTeX Font Info:    Font shape `OML/phv/m/n' in size <8.03> not available
(Font)              Font shape `OML/cmm/m/it' tried instead on input line 460.

Underfull \hbox (badness 10000) in paragraph at lines 444--462
\OT1/phv/b/n/8.03 Abstract\OT1/phv/m/n/8.03 ---Optimal be-haviour poli-cies for
 non-degenerate
 []


Underfull \hbox (badness 1466) in paragraph at lines 444--462
\OT1/phv/m/n/8.03 method of de-con-struc-tion nMDPs into a set of con-cur-rent
 []


Underfull \hbox (badness 6792) in paragraph at lines 444--462
\OT1/phv/m/n/8.03 MDPs is demon-strated. Such con-cur-rent rep-re-sen-ta-tions
 []


Underfull \hbox (badness 6125) in paragraph at lines 444--462
\OT1/phv/m/n/8.03 pol-icy re-gres-sion. Sur-pris-ingly, given weak pre-con-di-t
ions,
 []

LaTeX Font Info:    Font shape `OT1/phv/bx/n' in size <11.04124> not available
(Font)              Font shape `OT1/phv/b/n' tried instead on input line 465.
LaTeX Font Info:    Font shape `OT1/phv/bx/sc' in size <11.04124> not available

(Font)              Font shape `OT1/phv/b/sc' tried instead on input line 465.

Underfull \vbox (badness 10000) has occurred while \output is active []

 [1{C:/Users/Christopher Hemming/AppData/Local/MiKTeX/2.9/pdftex/config/pdftex.
map}


]
LaTeX Font Info:    Font shape `OT1/phv/bx/n' in size <9.53561> not available
(Font)              Font shape `OT1/phv/b/n' tried instead on input line 524.
LaTeX Font Info:    Calculating math sizes for size <9.53561> on input line 528
.
LaTeX Font Info:    Font shape `OT1/phv/m/it' in size <9.53561> not available
(Font)              Font shape `OT1/phv/m/sl' tried instead on input line 578.

<media/image1.png, id=12, 237.2865pt x 214.401pt>
File: media/image1.png Graphic file (type png)
 <use media/image1.png>
Package pdftex.def Info: media/image1.png used on input line 582.
(pdftex.def)             Requested size: 180.67499pt x 163.25069pt.

[2] <media/image3.png, id=29, 233.07076pt x 63.23625pt>
File: media/image3.png Graphic file (type png)
 <use media/image3.png>
Package pdftex.def Info: media/image3.png used on input line 636.
(pdftex.def)             Requested size: 180.67499pt x 49.02109pt.

<media/image4.png, id=30, 224.63925pt x 65.043pt>
File: media/image4.png Graphic file (type png)
 <use media/image4.png>
Package pdftex.def Info: media/image4.png used on input line 637.
(pdftex.def)             Requested size: 180.67499pt x 52.31631pt.

[3 <./media/image1.png> <./media/image3.png> <./media/image4.png>]
Underfull \hbox (badness 2285) in paragraph at lines 680--686
[]\OT1/ppl/m/n/9.53561 For no-ta-tion, the equal-i-ties are al-ways true:
 []

File: media/image3.png Graphic file (type png)
<use media/image3.png>
Package pdftex.def Info: media/image3.png used on input line 689.
(pdftex.def)             Requested size: 180.67499pt x 49.02109pt.
 [4]
Overfull \hbox (1.39519pt too wide) detected at line 789
\OT1/cmr/m/n/10 
[](\OML/cmm/m/it/10 s\OT1/cmr/m/n/10 ) = [] [] \OML/cmm/m/it/10 P [] []
 []

[5]
Underfull \hbox (badness 2600) in paragraph at lines 871--876
[]$\OML/cmm/m/it/10 T[] []$ \OT1/ppl/m/n/9.53561 de-notes a sta-ble tran-si-tio
n
 []


Underfull \hbox (badness 5954) in paragraph at lines 892--896
[]$\OML/cmm/m/it/10 T[] []$ \OT1/ppl/m/n/9.53561 de-notes a sta-ble tran-si-tio
n
 []


LaTeX Warning: Reference `' on page 6 undefined on input line 916.

<media/figure7.pdf, id=47, 291.0875pt x 142.5325pt>
File: media/figure7.pdf Graphic file (type pdf)
 <use media/figure7.pdf>
Package pdftex.def Info: media/figure7.pdf used on input line 920.
(pdftex.def)             Requested size: 216.81pt x 106.16399pt.

[6 <./media/figure7.pdf>]
<media/figure8.pdf, id=92, 366.36874pt x 145.54375pt>
File: media/figure8.pdf Graphic file (type pdf)
 <use media/figure8.pdf>
Package pdftex.def Info: media/figure8.pdf used on input line 950.
(pdftex.def)             Requested size: 216.81pt x 86.12988pt.

<media/figure9.pdf, id=93, 369.38pt x 131.49126pt>
File: media/figure9.pdf Graphic file (type pdf)
 <use media/figure9.pdf>
Package pdftex.def Info: media/figure9.pdf used on input line 977.
(pdftex.def)             Requested size: 216.81pt x 77.17989pt.

<media/figure10.pdf, id=94, 598.235pt x 133.49875pt>
File: media/figure10.pdf Graphic file (type pdf)
 <use media/figure10.pdf>
Package pdftex.def Info: media/figure10.pdf used on input line 986.
(pdftex.def)             Requested size: 433.62pt x 96.76474pt.

[7 <./media/figure8.pdf> <./media/figure9.pdf>]
Underfull \hbox (badness 3029) in paragraph at lines 1060--1062
[]\OT1/ppl/m/n/9.53561 Where a com-mon pol-icy def-i-ni-tion is com-
 []

[8 <./media/figure10.pdf>]
Underfull \hbox (badness 2376) in paragraph at lines 1149--1153
[]\OT1/ppl/m/n/9.53561 , where $\OML/cmm/m/it/10 s[]$ \OT1/ppl/m/n/9.53561 is s
am-pled from the den-sity
 []

[9]

LaTeX Warning: Reference `' on page 10 undefined on input line 1183.


Overfull \hbox (57.05519pt too wide) in paragraph at lines 1205--1205
[] 
 []


Overfull \hbox (94.04741pt too wide) detected at line 1209
\OML/cmm/m/it/10 c[] \OT1/cmr/m/n/10 : [] \OMS/cmsy/m/n/10 !  []
 []


LaTeX Warning: Reference `' on page 10 undefined on input line 1222.


Underfull \hbox (badness 10000) in paragraph at lines 1233--1234

 []


Underfull \hbox (badness 10000) in paragraph at lines 1243--1245
[]\OT1/ppl/m/n/9.53561 Note: $\OML/cmm/m/it/10 P [] \OT1/cmr/m/n/10 =
 []

[10]
Underfull \hbox (badness 4899) in paragraph at lines 1319--1324
\OT1/ppl/m/n/9.53561 be-comes the ex-pec-ta-tion of the par-ent pol-icy
 []


LaTeX Warning: Reference `' on page 11 undefined on input line 1334.

[11]
Underfull \hbox (badness 10000) in paragraph at lines 1393--1393
 \OT1/phv/b/sc/11.04124 10 Ap-pendix: Con-ver-gent Fac-tors
 []


Underfull \hbox (badness 1748) in paragraph at lines 1397--1410
[] \OML/cmm/m/it/10 ;$ \OT1/ppl/m/n/9.53561 for prob-lems in the pre-sented
 []


Overfull \hbox (26.55846pt too wide) in paragraph at lines 1431--1431
[] 
 []


Underfull \hbox (badness 10000) in paragraph at lines 1431--1436
\OT1/ppl/m/n/9.53561 knowing $[][] \OML/cmm/m/it/10 R [] \OT1/cmr/m/n/10 =
 []


Underfull \hbox (badness 10000) in paragraph at lines 1431--1436
[][] \OML/cmm/m/it/10 R []$ \OT1/ppl/m/n/9.53561 al-lows the
 []


Underfull \hbox (badness 4621) in paragraph at lines 1452--1455
[]\OT1/ppl/m/n/9.53561 At this point, it is pos-si-ble to note that
 []


Underfull \hbox (badness 10000) in paragraph at lines 1452--1455
\OT1/ppl/m/n/9.53561 the Tran-si-tion func-tion may be de-com-posed
 []


Overfull \hbox (5.8807pt too wide) in paragraph at lines 1467--1467
[] 
 []

[12]
Overfull \hbox (248.99849pt too wide) detected at line 1475
\OT1/cmr/m/n/10 
[] [] = [] [] \OML/cmm/m/it/10 P [] []
 []


Underfull \hbox (badness 10000) in paragraph at lines 1475--1479
\OT1/ppl/m/n/9.53561 And, an op-ti-mal de-ci-sion pol-icy can be
 []


Underfull \hbox (badness 4608) in paragraph at lines 1475--1479
\OT1/ppl/m/n/9.53561 sub-sti-tuted in for ac-tion se-lec-tion $\OT1/cmr/m/n/10 

[] [] =
 []


Overfull \hbox (34.44675pt too wide) in paragraph at lines 1475--1479
[][] [][] \OML/cmm/m/it/10 P [] []$\OT1/ppl/m/n/9.53561 . 
 []


Overfull \hbox (325.4642pt too wide) detected at line 1482
\OT1/cmr/m/n/10 
[] [] = [] [] \OML/cmm/m/it/10 P [] []
 []


Overfull \hbox (115.82771pt too wide) detected at line 1492
\OT1/cmr/m/n/10 
[] [] = [] [] \OML/cmm/m/it/10 P [] []  []a[] \OMS/cmsy/m/n/10 2 \OT1/cmr/m/n/1
0 
[] []
 []


Overfull \hbox (115.64792pt too wide) detected at line 1499
\OT1/cmr/m/n/10 
[] [] = [] \OML/cmm/m/it/10 P [] [] \OMS/cmsy/m/n/10 [ []  []\OML/cmm/m/it/10 a
[] \OMS/cmsy/m/n/10 2 \OT1/cmr/m/n/10 
[] []
 []

[13] (dependentMDPs_11.aux)

LaTeX Warning: There were undefined references.

 ) 
Here is how much of TeX's memory you used:
 4335 strings out of 493328
 68265 string characters out of 3139080
 138396 words of memory out of 3000000
 7786 multiletter control sequences out of 15000+200000
 51661 words of font info for 124 fonts, out of 3000000 for 9000
 1141 hyphenation exceptions out of 8191
 39i,13n,38p,475b,266s stack positions out of 5000i,500n,10000p,200000b,50000s
{C:/Program Files/MiKTeX 2.9/fonts/enc/dvips/base/8r.enc}<C:/Program Files/Mi
KTeX 2.9/fonts/type1/public/amsfonts/cm/cmbx10.pfb><C:/Program Files/MiKTeX 2.9
/fonts/type1/public/amsfonts/cm/cmex10.pfb><C:/Program Files/MiKTeX 2.9/fonts/t
ype1/public/amsfonts/cm/cmmi10.pfb><C:/Program Files/MiKTeX 2.9/fonts/type1/pub
lic/amsfonts/cm/cmmi5.pfb><C:/Program Files/MiKTeX 2.9/fonts/type1/public/amsfo
nts/cm/cmmi7.pfb><C:/Program Files/MiKTeX 2.9/fonts/type1/public/amsfonts/cm/cm
mi8.pfb><C:/Program Files/MiKTeX 2.9/fonts/type1/public/amsfonts/cm/cmr10.pfb><
C:/Program Files/MiKTeX 2.9/fonts/type1/public/amsfonts/cm/cmr5.pfb><C:/Program
 Files/MiKTeX 2.9/fonts/type1/public/amsfonts/cm/cmr7.pfb><C:/Program Files/MiK
TeX 2.9/fonts/type1/public/amsfonts/cm/cmr8.pfb><C:/Program Files/MiKTeX 2.9/fo
nts/type1/public/amsfonts/cm/cmsy10.pfb><C:/Program Files/MiKTeX 2.9/fonts/type
1/public/amsfonts/cm/cmsy5.pfb><C:/Program Files/MiKTeX 2.9/fonts/type1/public/
amsfonts/cm/cmsy7.pfb><C:/Program Files/MiKTeX 2.9/fonts/type1/public/amsfonts/
cm/cmsy8.pfb><C:/Program Files/MiKTeX 2.9/fonts/type1/public/amsfonts/symbols/m
sbm10.pfb><C:/Program Files/MiKTeX 2.9/fonts/type1/public/amsfonts/symbols/msbm
7.pfb><C:/Program Files/MiKTeX 2.9/fonts/type1/urw/helvetic/uhvb8a.pfb><C:/Prog
ram Files/MiKTeX 2.9/fonts/type1/urw/helvetic/uhvr8a.pfb><C:/Program Files/MiKT
eX 2.9/fonts/type1/urw/helvetic/uhvro8a.pfb><C:/Program Files/MiKTeX 2.9/fonts/
type1/urw/palatino/uplb8a.pfb><C:/Program Files/MiKTeX 2.9/fonts/type1/urw/pala
tino/uplr8a.pfb><C:/Program Files/MiKTeX 2.9/fonts/type1/urw/palatino/uplri8a.p
fb><C:/Program Files/MiKTeX 2.9/fonts/type1/urw/zapfding/uzdr.pfb>
Output written on dependentMDPs_11.pdf (13 pages, 2315231 bytes).
PDF statistics:
 303 PDF objects out of 1000 (max. 8388607)
 0 named destinations out of 1000 (max. 500000)
 36 words of extra memory for PDF output out of 10000 (max. 10000000)

